
> rest-express@1.0.0 dev /app
> astro dev --port 5000

▶ Astro collects anonymous usage data.
  This information helps us improve Astro.
  Run "astro telemetry disable" to opt-out.
  https://astro.build/telemetry

06:36:33 [types] Generated 1ms
06:36:33 [content] Syncing content
06:36:33 [content] Synced content

 astro  v5.16.6 ready in 673 ms

┃ Local    http://localhost:5000/Beppo-Laughs
┃ Network  use --host to expose

06:36:33 watching for file changes...
06:44:57 [200] / 354ms
06:45:03 [vite] ✨ new dependencies optimized: framer-motion, seedrandom, zustand, @react-three/postprocessing, postprocessing, @radix-ui/react-slot, class-variance-authority, random, clsx, tailwind-merge
06:45:03 [vite] ✨ optimized dependencies changed. reloading
06:45:04 [200] / 16ms
06:45:13 [404] /fonts/Creepster-Regular.ttf 3ms
06:47:27 [200] / 13ms
06:47:35 [404] /fonts/Creepster-Regular.ttf 3ms
06:51:06 [watch] client/src/components/game/ClownCarCockpit.test.tsx
06:51:06 [watch] client/src/components/game/ClownCarCockpit.test.tsx
06:51:06 [watch] /client/src/components/game/Maze.tsx, /client/src/index.css
06:51:06 [watch] client/src/components/game/Maze.tsx
06:51:06 [watch] /client/src/components/game/RailPlayer.tsx, /client/src/index.css
06:51:06 [watch] client/src/components/game/RailPlayer.tsx
06:51:06 [watch] /client/src/components/game/Scene.tsx, /client/src/index.css
06:51:06 [watch] client/src/components/game/Scene.tsx
06:51:06 [watch] e2e/comprehensive-3d-coverage.spec.ts
06:51:06 [watch] e2e/comprehensive-3d-coverage.spec.ts
06:51:06 [watch] client/src/test-setup.tsx
06:51:06 [watch] client/src/test-setup.tsx
06:51:18 [watch] /client/src/components/game/ClownCarCockpit.tsx, /client/src/index.css
06:51:18 [watch] client/src/components/game/ClownCarCockpit.tsx
06:51:18 [watch] /client/src/components/game/RailPlayer.tsx, /client/src/index.css
06:51:18 [watch] client/src/components/game/RailPlayer.tsx
06:51:18 [watch] client/src/test-setup.tsx
06:51:18 [watch] client/src/test-setup.tsx
06:52:14 [200] / 888ms
